{"total": {"lines":{"total":88,"covered":88,"skipped":0,"pct":100},"statements":{"total":88,"covered":88,"skipped":0,"pct":100},"functions":{"total":106,"covered":52,"skipped":0,"pct":49.06},"branches":{"total":201,"covered":109,"skipped":0,"pct":54.23}}
,"/Users/admin/srv/modules/colorful-console-logger/dist/cconsole.js": {"lines":{"total":16,"covered":16,"skipped":0,"pct":100},"functions":{"total":53,"covered":26,"skipped":0,"pct":49.06},"statements":{"total":16,"covered":16,"skipped":0,"pct":100},"branches":{"total":103,"covered":53,"skipped":0,"pct":51.46}}
,"/Users/admin/srv/modules/colorful-console-logger/dist/cconsoleInit.js": {"lines":{"total":16,"covered":16,"skipped":0,"pct":100},"functions":{"total":53,"covered":26,"skipped":0,"pct":49.06},"statements":{"total":16,"covered":16,"skipped":0,"pct":100},"branches":{"total":96,"covered":54,"skipped":0,"pct":56.25}}
,"/Users/admin/srv/modules/colorful-console-logger/examples/cconsole.js": {"lines":{"total":25,"covered":25,"skipped":0,"pct":100},"functions":{"total":0,"covered":0,"skipped":0,"pct":100},"statements":{"total":25,"covered":25,"skipped":0,"pct":100},"branches":{"total":1,"covered":1,"skipped":0,"pct":100}}
,"/Users/admin/srv/modules/colorful-console-logger/examples/cconsoleInit.js": {"lines":{"total":31,"covered":31,"skipped":0,"pct":100},"functions":{"total":0,"covered":0,"skipped":0,"pct":100},"statements":{"total":31,"covered":31,"skipped":0,"pct":100},"branches":{"total":1,"covered":1,"skipped":0,"pct":100}}
}
