TN:
SF:dist/cconsole.js
FN:1,Object.<anonymous>.parcelRequire.67gq
FN:1,u
FN:1,p.resolve
FN:1,p
FN:1,u.Module
FN:1,u.register
FN:1,Object.<anonymous>.parcelRequire.67gq
FN:2,r
FN:2,r
FN:2,r
FN:2,t
FN:2,n
FN:2,e
FN:2,o
FN:2,i
FN:2,u
FN:2,n
FN:3,Object.<anonymous>.parcelRequire.9p94../destroyCircular
FN:4,o
FN:4,o
FN:4,o
FN:4,module.exports
FN:5,Object.<anonymous>.parcelRequire.pBGv
FN:7,r
FN:7,o
FN:7,i
FN:7,u
FN:7,f
FN:7,h
FN:7,m
FN:7,p
FN:7,n.nextTick
FN:7,m.run
FN:7,n.listeners
FN:7,n.binding
FN:7,n.cwd
FN:7,n.chdir
FN:7,n.umask
FN:8,Object.<anonymous>.parcelRequire.RiHe../destroyCircular
FN:10,r
FN:10,t
FN:10,o
FN:10,c
FN:10,a
FN:10,n
FN:10,s
FN:10,s
FN:10,s
FN:10,module.exports
FN:11,Object.<anonymous>.parcelRequire.Focm../function/CConsoleLog
FN:12,e
FN:13,Object.<anonymous>.parcelRequire.Wwqf../index.js
FN:14,o
FNF:53
FNH:26
FNDA:1,Object.<anonymous>.parcelRequire.67gq
FNDA:9,u
FNDA:7,p.resolve
FNDA:7,p
FNDA:6,u.Module
FNDA:0,u.register
FNDA:1,Object.<anonymous>.parcelRequire.67gq
FNDA:1,r
FNDA:12,r
FNDA:0,r
FNDA:12,t
FNDA:0,n
FNDA:0,e
FNDA:0,o
FNDA:0,i
FNDA:12,u
FNDA:8,n
FNDA:1,Object.<anonymous>.parcelRequire.9p94../destroyCircular
FNDA:1,o
FNDA:2,o
FNDA:0,o
FNDA:2,module.exports
FNDA:1,Object.<anonymous>.parcelRequire.pBGv
FNDA:0,r
FNDA:0,o
FNDA:0,i
FNDA:0,u
FNDA:0,f
FNDA:0,h
FNDA:0,m
FNDA:0,p
FNDA:0,n.nextTick
FNDA:0,m.run
FNDA:0,n.listeners
FNDA:0,n.binding
FNDA:0,n.cwd
FNDA:0,n.chdir
FNDA:0,n.umask
FNDA:1,Object.<anonymous>.parcelRequire.RiHe../destroyCircular
FNDA:18,r
FNDA:0,t
FNDA:0,o
FNDA:0,c
FNDA:18,a
FNDA:18,n
FNDA:1,s
FNDA:16,s
FNDA:0,s
FNDA:11,module.exports
FNDA:1,Object.<anonymous>.parcelRequire.Focm../function/CConsoleLog
FNDA:1,e
FNDA:1,Object.<anonymous>.parcelRequire.Wwqf../index.js
FNDA:0,o
DA:1,1
DA:2,1
DA:3,1
DA:4,1
DA:5,1
DA:6,1
DA:7,1
DA:8,1
DA:9,1
DA:10,1
DA:11,1
DA:12,1
DA:13,1
DA:14,1
DA:15,1
DA:16,1
LF:16
LH:16
BRDA:1,0,0,1
BRDA:1,1,0,0
BRDA:1,2,0,0
BRDA:1,3,0,9
BRDA:1,4,0,6
BRDA:1,5,0,0
BRDA:1,6,0,7
BRDA:1,7,0,0
BRDA:1,8,0,7
BRDA:1,9,0,6
BRDA:1,10,0,1
BRDA:2,11,0,1
BRDA:2,12,0,0
BRDA:2,13,0,12
BRDA:2,14,0,12
BRDA:2,15,0,0
BRDA:2,16,0,0
BRDA:2,17,0,0
BRDA:2,18,0,12
BRDA:2,19,0,8
BRDA:2,20,0,0
BRDA:2,21,0,1
BRDA:2,22,0,7
BRDA:2,23,0,12
BRDA:2,24,0,2
BRDA:2,25,0,0
BRDA:2,26,0,10
BRDA:2,27,0,32
BRDA:2,28,0,3
BRDA:3,29,0,1
BRDA:4,30,0,1
BRDA:4,31,0,0
BRDA:4,32,0,2
BRDA:4,33,0,2
BRDA:4,34,0,1
BRDA:4,35,0,1
BRDA:4,36,0,0
BRDA:5,37,0,1
BRDA:7,38,0,1
BRDA:7,39,0,0
BRDA:7,40,0,0
BRDA:7,41,0,0
BRDA:7,42,0,0
BRDA:8,43,0,1
BRDA:10,44,0,0
BRDA:10,45,0,0
BRDA:10,46,0,18
BRDA:10,47,0,0
BRDA:10,48,0,0
BRDA:10,49,0,0
BRDA:10,50,0,18
BRDA:10,51,0,18
BRDA:10,52,0,0
BRDA:10,53,0,37
BRDA:10,54,0,1
BRDA:10,55,0,0
BRDA:10,56,0,16
BRDA:10,57,0,11
BRDA:10,58,0,0
BRDA:10,59,0,0
BRDA:10,60,0,0
BRDA:10,61,0,0
BRDA:10,62,0,0
BRDA:10,63,0,0
BRDA:10,64,0,14
BRDA:10,65,0,11
BRDA:10,66,0,7
BRDA:10,67,0,3
BRDA:10,68,0,4
BRDA:10,69,0,6
BRDA:10,70,0,1
BRDA:10,71,0,0
BRDA:10,72,0,5
BRDA:10,73,0,0
BRDA:10,74,0,8
BRDA:10,75,0,2
BRDA:10,76,0,2
BRDA:10,77,0,2
BRDA:10,78,0,0
BRDA:10,79,0,1
BRDA:10,80,0,0
BRDA:10,81,0,0
BRDA:10,82,0,0
BRDA:10,83,0,0
BRDA:10,84,0,0
BRDA:10,85,0,0
BRDA:10,86,0,0
BRDA:10,87,0,7
BRDA:10,88,0,0
BRDA:10,89,0,4
BRDA:10,90,0,0
BRDA:10,91,0,0
BRDA:10,92,0,0
BRDA:11,93,0,1
BRDA:12,94,0,1
BRDA:12,95,0,0
BRDA:12,96,0,0
BRDA:12,97,0,0
BRDA:12,98,0,0
BRDA:12,99,0,0
BRDA:13,100,0,1
BRDA:14,101,0,0
BRDA:14,102,0,0
BRF:103
BRH:53
end_of_record
TN:
SF:dist/cconsoleInit.js
FN:1,Object.<anonymous>.parcelRequire.67gq
FN:1,u
FN:1,p.resolve
FN:1,p
FN:1,u.Module
FN:1,u.register
FN:1,Object.<anonymous>.parcelRequire.67gq
FN:2,r
FN:2,r
FN:2,r
FN:2,t
FN:2,n
FN:2,e
FN:2,o
FN:2,i
FN:2,u
FN:2,n
FN:3,Object.<anonymous>.parcelRequire.9p94../destroyCircular
FN:4,o
FN:4,o
FN:4,o
FN:4,module.exports
FN:5,Object.<anonymous>.parcelRequire.pBGv
FN:7,r
FN:7,o
FN:7,i
FN:7,u
FN:7,f
FN:7,h
FN:7,m
FN:7,p
FN:7,n.nextTick
FN:7,m.run
FN:7,n.listeners
FN:7,n.binding
FN:7,n.cwd
FN:7,n.chdir
FN:7,n.umask
FN:8,Object.<anonymous>.parcelRequire.RiHe../destroyCircular
FN:10,r
FN:10,t
FN:10,o
FN:10,c
FN:10,a
FN:10,n
FN:10,s
FN:10,s
FN:10,s
FN:10,module.exports
FN:11,Object.<anonymous>.parcelRequire.Focm../function/CConsoleLog
FN:12,e
FN:13,Object.<anonymous>.parcelRequire.eK02../index.js
FN:14,o
FNF:53
FNH:26
FNDA:1,Object.<anonymous>.parcelRequire.67gq
FNDA:9,u
FNDA:7,p.resolve
FNDA:7,p
FNDA:6,u.Module
FNDA:0,u.register
FNDA:1,Object.<anonymous>.parcelRequire.67gq
FNDA:1,r
FNDA:12,r
FNDA:0,r
FNDA:12,t
FNDA:0,n
FNDA:0,e
FNDA:0,o
FNDA:0,i
FNDA:12,u
FNDA:8,n
FNDA:1,Object.<anonymous>.parcelRequire.9p94../destroyCircular
FNDA:1,o
FNDA:2,o
FNDA:0,o
FNDA:2,module.exports
FNDA:1,Object.<anonymous>.parcelRequire.pBGv
FNDA:0,r
FNDA:0,o
FNDA:0,i
FNDA:0,u
FNDA:0,f
FNDA:0,h
FNDA:0,m
FNDA:0,p
FNDA:0,n.nextTick
FNDA:0,m.run
FNDA:0,n.listeners
FNDA:0,n.binding
FNDA:0,n.cwd
FNDA:0,n.chdir
FNDA:0,n.umask
FNDA:1,Object.<anonymous>.parcelRequire.RiHe../destroyCircular
FNDA:22,r
FNDA:0,t
FNDA:0,o
FNDA:0,c
FNDA:22,a
FNDA:22,n
FNDA:1,s
FNDA:16,s
FNDA:0,s
FNDA:11,module.exports
FNDA:1,Object.<anonymous>.parcelRequire.Focm../function/CConsoleLog
FNDA:1,e
FNDA:1,Object.<anonymous>.parcelRequire.eK02../index.js
FNDA:0,o
DA:1,1
DA:2,1
DA:3,1
DA:4,1
DA:5,1
DA:6,1
DA:7,1
DA:8,1
DA:9,1
DA:10,1
DA:11,1
DA:12,1
DA:13,1
DA:14,1
DA:15,1
DA:16,1
LF:16
LH:16
BRDA:1,0,0,1
BRDA:1,1,0,0
BRDA:1,2,0,0
BRDA:1,3,0,9
BRDA:1,4,0,6
BRDA:1,5,0,0
BRDA:1,6,0,7
BRDA:1,7,0,0
BRDA:1,8,0,7
BRDA:1,9,0,6
BRDA:1,10,0,1
BRDA:2,11,0,1
BRDA:2,12,0,0
BRDA:2,13,0,12
BRDA:2,14,0,12
BRDA:2,15,0,0
BRDA:2,16,0,0
BRDA:2,17,0,0
BRDA:2,18,0,12
BRDA:2,19,0,8
BRDA:2,20,0,0
BRDA:2,21,0,1
BRDA:2,22,0,7
BRDA:2,23,0,12
BRDA:2,24,0,2
BRDA:2,25,0,0
BRDA:2,26,0,10
BRDA:2,27,0,32
BRDA:2,28,0,3
BRDA:3,29,0,1
BRDA:4,30,0,1
BRDA:4,31,0,0
BRDA:4,32,0,2
BRDA:4,33,0,2
BRDA:4,34,0,1
BRDA:4,35,0,1
BRDA:4,36,0,0
BRDA:5,37,0,1
BRDA:7,38,0,1
BRDA:7,39,0,0
BRDA:7,40,0,0
BRDA:7,41,0,0
BRDA:7,42,0,0
BRDA:8,43,0,1
BRDA:10,44,0,0
BRDA:10,45,0,0
BRDA:10,46,0,22
BRDA:10,47,0,0
BRDA:10,48,0,0
BRDA:10,49,0,0
BRDA:10,50,0,22
BRDA:10,51,0,22
BRDA:10,52,0,0
BRDA:10,53,0,53
BRDA:10,54,0,1
BRDA:10,55,0,0
BRDA:10,56,0,16
BRDA:10,57,0,11
BRDA:10,58,0,0
BRDA:10,59,0,0
BRDA:10,60,0,14
BRDA:10,61,0,11
BRDA:10,62,0,7
BRDA:10,63,0,3
BRDA:10,64,0,4
BRDA:10,65,0,6
BRDA:10,66,0,1
BRDA:10,67,0,0
BRDA:10,68,0,5
BRDA:10,69,0,0
BRDA:10,70,0,8
BRDA:10,71,0,2
BRDA:10,72,0,2
BRDA:10,73,0,2
BRDA:10,74,0,0
BRDA:10,75,0,1
BRDA:10,76,0,0
BRDA:10,77,0,0
BRDA:10,78,0,0
BRDA:10,79,0,0
BRDA:10,80,0,0
BRDA:10,81,0,9
BRDA:10,82,0,7
BRDA:10,83,0,0
BRDA:10,84,0,4
BRDA:10,85,0,0
BRDA:10,86,0,0
BRDA:11,87,0,1
BRDA:12,88,0,1
BRDA:12,89,0,0
BRDA:12,90,0,0
BRDA:12,91,0,0
BRDA:12,92,0,0
BRDA:13,93,0,1
BRDA:14,94,0,0
BRDA:14,95,0,0
BRF:96
BRH:54
end_of_record
TN:
SF:examples/cconsole.js
FNF:0
FNH:0
DA:1,1
DA:2,1
DA:3,1
DA:4,1
DA:5,1
DA:6,1
DA:7,1
DA:8,1
DA:9,1
DA:10,1
DA:11,1
DA:12,1
DA:13,1
DA:14,1
DA:15,1
DA:16,1
DA:17,1
DA:18,1
DA:19,1
DA:20,1
DA:21,1
DA:22,1
DA:23,1
DA:24,1
DA:25,1
LF:25
LH:25
BRDA:21,0,0,1
BRF:1
BRH:1
end_of_record
TN:
SF:examples/cconsoleInit.js
FNF:0
FNH:0
DA:1,1
DA:2,1
DA:3,1
DA:4,1
DA:5,1
DA:6,1
DA:7,1
DA:8,1
DA:9,1
DA:10,1
DA:11,1
DA:12,1
DA:13,1
DA:14,1
DA:15,1
DA:16,1
DA:17,1
DA:18,1
DA:19,1
DA:20,1
DA:21,1
DA:22,1
DA:23,1
DA:24,1
DA:25,1
DA:26,1
DA:27,1
DA:28,1
DA:29,1
DA:30,1
DA:31,1
LF:31
LH:31
BRDA:27,0,0,1
BRF:1
BRH:1
end_of_record
